2025-08-05 18:57:45,104 - INFO - User data directory ready: C:\Users\Rob\Documents\Code\bitcraft_companion\app
2025-08-05 18:57:45,115 - INFO - Non-sensitive user data loaded successfully from file.
2025-08-05 18:57:45,130 - DEBUG - Loading KWallet
2025-08-05 18:57:45,131 - DEBUG - Loading SecretService
2025-08-05 18:57:45,132 - DEBUG - Loading Windows
2025-08-05 18:57:45,137 - DEBUG - Loaded ctypes backend
2025-08-05 18:57:45,142 - DEBUG - Loading chainer
2025-08-05 18:57:45,142 - DEBUG - Loading libsecret
2025-08-05 18:57:45,143 - DEBUG - Loading macOS
2025-08-05 18:57:45,148 - DEBUG - Credential 'email' loaded from keyring.
2025-08-05 18:57:45,149 - DEBUG - Credential 'authorization_token' loaded from keyring.
2025-08-05 18:57:46,143 - INFO - Authorization token already exists. Assuming authenticated.
2025-08-05 18:57:46,143 - INFO - User data file updated: region in C:\Users\Rob\Documents\Code\bitcraft_companion\app\player_data.json
2025-08-05 18:57:46,144 - INFO - Region set: bitcraft-5
2025-08-05 18:57:46,144 - INFO - Endpoint set: subscribe
2025-08-05 18:57:46,144 - INFO - WebSocket URI set: wss://bitcraft-early-access.spacetimedb.com/v1/database/bitcraft-5/subscribe
2025-08-05 18:57:46,240 - DEBUG - = connection is CONNECTING
2025-08-05 18:57:46,241 - DEBUG - > GET /v1/database/bitcraft-5/subscribe HTTP/1.1
2025-08-05 18:57:46,241 - DEBUG - > Host: bitcraft-early-access.spacetimedb.com
2025-08-05 18:57:46,241 - DEBUG - > Upgrade: websocket
2025-08-05 18:57:46,241 - DEBUG - > Connection: Upgrade
2025-08-05 18:57:46,241 - DEBUG - > Sec-WebSocket-Key: IR4m3Hhjbs8f5HfybtAb8w==
2025-08-05 18:57:46,241 - DEBUG - > Sec-WebSocket-Version: 13
2025-08-05 18:57:46,241 - DEBUG - > Sec-WebSocket-Extensions: permessage-deflate; client_max_window_bits
2025-08-05 18:57:46,241 - DEBUG - > Sec-WebSocket-Protocol: v1.json.spacetimedb
2025-08-05 18:57:46,242 - DEBUG - > Authorization: Bearer eyJ0eXAiOiJKV1QiLCJhbGciOiJFUzI1NiJ9.eyJoZXhfaWRlbnRpdHkiOiJjMjAwMjg1YzQyZjNlMzlkZTE1M2Y4YmJlMTA2NGVjOTkzN2VmMzU2NWRkM2NmNThiODM0OGQzOGVhY2Q2MmQ4Iiwic3ViIjoiZmRkODNjZGMtMDkwZS00MDAzLWEyMDctNmVlZGVkYjcyMGNmIiwiaXNzIjoibG9jYWxob3N0IiwiYXVkIjpbInNwYWNldGltZWRiIl0sImlhdCI6MTc1MTkwOTU2OCwiZXhwIjpudWxsfQ.msPq2wcvgmqFhVYpzqz0fGVfiOxHHz3KPA-is2Sucx_ves8plMjMyRJNFObhNRuvxpJT_o787DP4PfYwdo_PbA
2025-08-05 18:57:46,242 - DEBUG - > User-Agent: Python/3.10 websockets/15.0.1
2025-08-05 18:57:46,280 - DEBUG - < HTTP/1.1 101 Switching Protocols
2025-08-05 18:57:46,281 - DEBUG - < Server: nginx/1.18.0 (Ubuntu)
2025-08-05 18:57:46,281 - DEBUG - < Date: Tue, 05 Aug 2025 22:57:46 GMT
2025-08-05 18:57:46,281 - DEBUG - < Connection: upgrade
2025-08-05 18:57:46,281 - DEBUG - < upgrade: websocket
2025-08-05 18:57:46,281 - DEBUG - < sec-websocket-accept: WlhcTMjkqgleq5NB2ccsVpffJNQ=
2025-08-05 18:57:46,281 - DEBUG - < sec-websocket-protocol: v1.json.spacetimedb
2025-08-05 18:57:46,281 - DEBUG - < spacetime-identity: c200285c42f3e39de153f8bbe1064ec9937ef3565dd3cf58b8348d38eacd62d8
2025-08-05 18:57:46,281 - DEBUG - < spacetime-identity-token: eyJ0eXAiOiJKV1QiLCJhbGciOiJFUzI1NiJ9.eyJoZXhfaWRlbnRpdHkiOiJjMjAwMjg1YzQyZjNlMzlkZTE1M2Y4YmJlMTA2NGVjOTkzN2VmMzU2NWRkM2NmNThiODM0OGQzOGVhY2Q2MmQ4Iiwic3ViIjoiZmRkODNjZGMtMDkwZS00MDAzLWEyMDctNmVlZGVkYjcyMGNmIiwiaXNzIjoibG9jYWxob3N0IiwiYXVkIjpbInNwYWNldGltZWRiIl0sImlhdCI6MTc1MTkwOTU2OCwiZXhwIjpudWxsfQ.msPq2wcvgmqFhVYpzqz0fGVfiOxHHz3KPA-is2Sucx_ves8plMjMyRJNFObhNRuvxpJT_o787DP4PfYwdo_PbA
2025-08-05 18:57:46,281 - DEBUG - < vary: origin, access-control-request-method, access-control-request-headers
2025-08-05 18:57:46,281 - DEBUG - < access-control-allow-origin: *
2025-08-05 18:57:46,281 - DEBUG - = connection is OPEN
2025-08-05 18:57:46,282 - DEBUG - < TEXT '{"IdentityToken":{"identity":{"__identity__":"0...99029149478852649381}}}' [591 bytes]
2025-08-05 18:57:46,282 - INFO - Initial WebSocket handshake message: {"IdentityToken":{"i...
2025-08-05 18:57:46,282 - INFO - WebSocket connection established
2025-08-05 18:57:46,282 - DEBUG - < PING '' [0 bytes]
2025-08-05 18:57:46,282 - DEBUG - > PONG '' [0 bytes]
2025-08-05 18:57:46,528 - INFO - Loaded reference data for 9 tables
2025-08-05 18:57:46,528 - DEBUG - > TEXT '{"OneOffQuery": {"message_id": "3bb3690c49db43d...rcase = \'hatchet\';"}}' [170 bytes]
2025-08-05 18:57:46,539 - INFO - Loaded 10 tile cost entries
2025-08-05 18:57:46,567 - DEBUG - < TEXT '{"OneOffQueryResponse":{"message_id":"3bb3690c4...ration_micros__":184}}}' [299 bytes]
2025-08-05 18:57:46,567 - INFO - Successfully found user ID for Hatchet: 504403158299523086
2025-08-05 18:57:46,568 - DEBUG - > TEXT '{"OneOffQuery": {"message_id": "c5732ebd9c0d426...04403158299523086\';"}}' [166 bytes]
2025-08-05 18:57:46,606 - DEBUG - < TEXT '{"OneOffQueryResponse":{"message_id":"c5732ebd9...ration_micros__":150}}}' [727 bytes]
2025-08-05 18:57:46,607 - DEBUG - > TEXT '{"OneOffQuery": {"message_id": "94ccc2373c6b4de...60287970205437165\';"}}' [158 bytes]
2025-08-05 18:57:46,646 - DEBUG - < TEXT '{"OneOffQueryResponse":{"message_id":"94ccc2373...ration_micros__":188}}}' [563 bytes]
2025-08-05 18:57:46,647 - DEBUG - > TEXT '{"OneOffQuery": {"message_id": "c26d3d3e08a3426...60287970205437165\';"}}' [152 bytes]
2025-08-05 18:57:46,684 - DEBUG - < TEXT '{"OneOffQueryResponse":{"message_id":"c26d3d3e0...ration_micros__":189}}}' [375 bytes]
2025-08-05 18:57:46,684 - DEBUG - > TEXT '{"OneOffQuery": {"message_id": "f3b4adb84f2e44c...60287970203715017\';"}}' [158 bytes]
2025-08-05 18:57:46,719 - DEBUG - < TEXT '{"OneOffQueryResponse":{"message_id":"f3b4adb84...ration_micros__":225}}}' [565 bytes]
2025-08-05 18:57:46,720 - DEBUG - > TEXT '{"OneOffQuery": {"message_id": "5d0423890b7d4f0...60287970203715017\';"}}' [152 bytes]
2025-08-05 18:57:46,754 - DEBUG - < TEXT '{"OneOffQueryResponse":{"message_id":"5d0423890...ration_micros__":237}}}' [388 bytes]
2025-08-05 18:57:46,755 - INFO - Found 2 claims for user 504403158299523086
2025-08-05 18:57:46,756 - INFO - Restored last selected claim: Retirement Home T5
2025-08-05 18:57:46,758 - INFO - TravelerTasksService initialized with 6214 items for required items lookup
2025-08-05 18:57:46,759 - INFO - Started real-time crafting countdown timer in processor
2025-08-05 18:57:46,759 - DEBUG - > TEXT '{"Subscribe": {"request_id": 1, "query_strings"...0287970203715017\';"]}}' [2045 bytes]
2025-08-05 18:57:46,761 - INFO - Sent subscription request for 12 queries (replaces any existing subscriptions).
2025-08-05 18:57:46,761 - INFO - Subscription listener thread started.
2025-08-05 18:57:46,761 - INFO - Subscription listener thread started.
2025-08-05 18:57:46,761 - INFO - Started 12 subscriptions for claim 360287970203715017
2025-08-05 18:57:46,822 - INFO - Created tab: Claim Inventory
2025-08-05 18:57:46,825 - INFO - Created tab: Passive Crafting
2025-08-05 18:57:46,828 - INFO - Created tab: Active Crafting
2025-08-05 18:57:46,830 - INFO - Created tab: Traveler's Tasks
2025-08-05 18:57:46,844 - INFO - Switched to tab: Claim Inventory
2025-08-05 18:57:46,994 - INFO - Updated available claims: 2 claims, current: 360287970203715017
2025-08-05 18:57:46,995 - INFO - Header initialized with 2 claims
2025-08-05 18:57:46,995 - INFO - Updated available claims: 2 claims, current: 360287970203715017
2025-08-05 18:57:47,059 - DEBUG - < TEXT '{"InitialSubscription":{"database_update":{"tab...ation_micros__":2747}}}' [412507 bytes]
2025-08-05 18:57:47,062 - DEBUG - Received WebSocket message type: ['InitialSubscription']
2025-08-05 18:57:47,062 - DEBUG - < TEXT '{"TransactionUpdate":{"status":{"Committed":{"t...ration_micros__":203}}}' [1148 bytes]
2025-08-05 18:57:47,063 - INFO - Processing InitialSubscription with 12 table updates
2025-08-05 18:57:47,063 - INFO - Processing SubscriptionUpdate with 12 table updates
2025-08-05 18:57:47,092 - DEBUG - Received WebSocket message type: ['TransactionUpdate']
2025-08-05 18:57:47,106 - INFO - All initial data loaded: {'active_crafting', 'claim_info', 'inventory', 'crafting', 'tasks'}
2025-08-05 18:57:47,267 - DEBUG - < TEXT '{"TransactionUpdate":{"status":{"Committed":{"t...ration_micros__":101}}}' [882 bytes]
2025-08-05 18:57:47,267 - DEBUG - Received WebSocket message type: ['TransactionUpdate']
2025-08-05 18:57:47,860 - WARNING - [DATA SERVICE] Received timer_data with unknown data type: <class 'list'>
2025-08-05 18:57:48,426 - INFO - Switched to tab: Active Crafting
2025-08-05 18:57:48,508 - DEBUG - < TEXT '{"TransactionUpdate":{"status":{"Committed":{"t...ration_micros__":154}}}' [1148 bytes]
2025-08-05 18:57:48,508 - DEBUG - Received WebSocket message type: ['TransactionUpdate']
2025-08-05 18:57:48,724 - DEBUG - < TEXT '{"TransactionUpdate":{"status":{"Committed":{"t...ration_micros__":144}}}' [882 bytes]
2025-08-05 18:57:48,724 - DEBUG - Received WebSocket message type: ['TransactionUpdate']
2025-08-05 18:57:49,985 - DEBUG - < TEXT '{"TransactionUpdate":{"status":{"Committed":{"t...ration_micros__":162}}}' [1148 bytes]
2025-08-05 18:57:49,985 - DEBUG - Received WebSocket message type: ['TransactionUpdate']
2025-08-05 18:57:50,239 - DEBUG - < TEXT '{"TransactionUpdate":{"status":{"Committed":{"t...ration_micros__":208}}}' [882 bytes]
2025-08-05 18:57:50,240 - DEBUG - Received WebSocket message type: ['TransactionUpdate']
2025-08-05 18:57:51,485 - DEBUG - < TEXT '{"TransactionUpdate":{"status":{"Committed":{"t...ration_micros__":187}}}' [1148 bytes]
2025-08-05 18:57:51,485 - DEBUG - Received WebSocket message type: ['TransactionUpdate']
2025-08-05 18:57:51,703 - DEBUG - < TEXT '{"TransactionUpdate":{"status":{"Committed":{"t...ration_micros__":149}}}' [882 bytes]
2025-08-05 18:57:51,703 - DEBUG - Received WebSocket message type: ['TransactionUpdate']
2025-08-05 18:57:52,497 - INFO - User selected claim: Inari (360287970205437165)
2025-08-05 18:57:52,504 - INFO - Initiating claim switch to: 360287970205437165
2025-08-05 18:57:52,505 - INFO - User data file updated: claims in C:\Users\Rob\Documents\Code\bitcraft_companion\app\player_data.json
2025-08-05 18:57:52,505 - INFO - Clearing processor caches for claim switch...
2025-08-05 18:57:52,505 - DEBUG - Clearing cache for InventoryProcessor
2025-08-05 18:57:52,506 - DEBUG - Cleared inventory processor cache
2025-08-05 18:57:52,506 - DEBUG - Clearing cache for CraftingProcessor
2025-08-05 18:57:52,506 - DEBUG - Cleared crafting processor cache
2025-08-05 18:57:52,506 - DEBUG - Clearing cache for TasksProcessor
2025-08-05 18:57:52,506 - DEBUG - Cleared tasks processor cache
2025-08-05 18:57:52,506 - DEBUG - Clearing cache for ClaimsProcessor
2025-08-05 18:57:52,507 - DEBUG - Cleared claims processor cache
2025-08-05 18:57:52,507 - DEBUG - Clearing cache for ActiveCraftingProcessor
2025-08-05 18:57:52,507 - DEBUG - Cleared active crafting processor cache
2025-08-05 18:57:52,515 - INFO - User data file updated: claims in C:\Users\Rob\Documents\Code\bitcraft_companion\app\player_data.json
2025-08-05 18:57:52,515 - INFO - Switched to claim: Inari
2025-08-05 18:57:52,716 - INFO - Loaded reference data for 9 tables
2025-08-05 18:57:52,716 - INFO - Stopping existing subscription thread...
2025-08-05 18:57:52,719 - INFO - Subscription listener thread stopped.
2025-08-05 18:57:52,719 - DEBUG - > TEXT '{"Subscribe": {"request_id": 1, "query_strings"...0287970205437165\';"]}}' [2045 bytes]
2025-08-05 18:57:52,719 - INFO - Sent subscription request for 12 queries (replaces any existing subscriptions).
2025-08-05 18:57:52,719 - INFO - Subscription listener thread started.
2025-08-05 18:57:52,719 - INFO - Subscription listener thread started.
2025-08-05 18:57:52,720 - INFO - Started 12 subscriptions for claim 360287970205437165
2025-08-05 18:57:52,720 - INFO - Successfully switched to claim: Inari
2025-08-05 18:57:52,750 - INFO - Claim switching started: Inari
2025-08-05 18:57:52,768 - INFO - Claim switch completed: Inari
2025-08-05 18:57:52,774 - INFO - Claim switch completed successfully: Inari
2025-08-05 18:57:52,915 - DEBUG - < TEXT '{"InitialSubscription":{"database_update":{"tab...ation_micros__":2043}}}' [169390 bytes]
2025-08-05 18:57:52,917 - DEBUG - Received WebSocket message type: ['InitialSubscription']
2025-08-05 18:57:52,917 - INFO - Processing InitialSubscription with 12 table updates
2025-08-05 18:57:52,917 - INFO - Processing SubscriptionUpdate with 12 table updates
2025-08-05 18:57:52,960 - DEBUG - < TEXT '{"TransactionUpdate":{"status":{"Committed":{"t...ration_micros__":207}}}' [826 bytes]
2025-08-05 18:57:52,960 - DEBUG - Received WebSocket message type: ['TransactionUpdate']
2025-08-05 18:57:53,267 - WARNING - [DATA SERVICE] Received timer_data with unknown data type: <class 'list'>
2025-08-05 18:57:54,444 - DEBUG - < TEXT '{"TransactionUpdate":{"status":{"Committed":{"t...ration_micros__":132}}}' [826 bytes]
2025-08-05 18:57:54,444 - DEBUG - Received WebSocket message type: ['TransactionUpdate']
2025-08-05 18:57:56,008 - DEBUG - < TEXT '{"TransactionUpdate":{"status":{"Committed":{"t...ration_micros__":225}}}' [826 bytes]
2025-08-05 18:57:56,009 - DEBUG - Received WebSocket message type: ['TransactionUpdate']
2025-08-05 18:57:57,486 - DEBUG - < TEXT '{"TransactionUpdate":{"status":{"Committed":{"t...ration_micros__":197}}}' [826 bytes]
2025-08-05 18:57:57,486 - DEBUG - Received WebSocket message type: ['TransactionUpdate']
2025-08-05 18:57:57,537 - INFO - User selected claim: Retirement Home T5 (360287970203715017)
2025-08-05 18:57:57,544 - INFO - Initiating claim switch to: 360287970203715017
2025-08-05 18:57:57,552 - INFO - User data file updated: claims in C:\Users\Rob\Documents\Code\bitcraft_companion\app\player_data.json
2025-08-05 18:57:57,552 - INFO - Clearing processor caches for claim switch...
2025-08-05 18:57:57,552 - DEBUG - Clearing cache for InventoryProcessor
2025-08-05 18:57:57,552 - DEBUG - Cleared inventory processor cache
2025-08-05 18:57:57,552 - DEBUG - Clearing cache for CraftingProcessor
2025-08-05 18:57:57,553 - DEBUG - Cleared crafting processor cache
2025-08-05 18:57:57,553 - DEBUG - Clearing cache for TasksProcessor
2025-08-05 18:57:57,553 - DEBUG - Cleared tasks processor cache
2025-08-05 18:57:57,553 - DEBUG - Clearing cache for ClaimsProcessor
2025-08-05 18:57:57,553 - DEBUG - Cleared claims processor cache
2025-08-05 18:57:57,553 - DEBUG - Clearing cache for ActiveCraftingProcessor
2025-08-05 18:57:57,553 - DEBUG - Cleared active crafting processor cache
2025-08-05 18:57:57,561 - INFO - User data file updated: claims in C:\Users\Rob\Documents\Code\bitcraft_companion\app\player_data.json
2025-08-05 18:57:57,561 - INFO - Switched to claim: Retirement Home T5
2025-08-05 18:57:57,776 - INFO - Loaded reference data for 9 tables
2025-08-05 18:57:57,779 - INFO - Stopping existing subscription thread...
2025-08-05 18:57:58,493 - INFO - Subscription listener thread stopped.
2025-08-05 18:57:58,493 - DEBUG - > TEXT '{"Subscribe": {"request_id": 1, "query_strings"...0287970203715017\';"]}}' [2045 bytes]
2025-08-05 18:57:58,493 - INFO - Sent subscription request for 12 queries (replaces any existing subscriptions).
2025-08-05 18:57:58,494 - INFO - Subscription listener thread started.
2025-08-05 18:57:58,494 - INFO - Subscription listener thread started.
2025-08-05 18:57:58,494 - INFO - Started 12 subscriptions for claim 360287970203715017
2025-08-05 18:57:58,494 - INFO - Successfully switched to claim: Retirement Home T5
2025-08-05 18:57:58,526 - INFO - Claim switching started: Retirement Home T5
2025-08-05 18:57:58,543 - INFO - Claim switch completed: Retirement Home T5
2025-08-05 18:57:58,547 - INFO - Claim switch completed successfully: Retirement Home T5
2025-08-05 18:57:58,784 - DEBUG - < TEXT '{"InitialSubscription":{"database_update":{"tab...ation_micros__":2307}}}' [412507 bytes]
2025-08-05 18:57:58,787 - DEBUG - Received WebSocket message type: ['InitialSubscription']
2025-08-05 18:57:58,787 - INFO - Processing InitialSubscription with 12 table updates
2025-08-05 18:57:58,787 - INFO - Processing SubscriptionUpdate with 12 table updates
2025-08-05 18:57:59,052 - DEBUG - < TEXT '{"TransactionUpdate":{"status":{"Committed":{"t...ration_micros__":154}}}' [1147 bytes]
2025-08-05 18:57:59,052 - DEBUG - Received WebSocket message type: ['TransactionUpdate']
2025-08-05 18:57:59,259 - DEBUG - < TEXT '{"TransactionUpdate":{"status":{"Committed":{"t...ration_micros__":188}}}' [882 bytes]
2025-08-05 18:57:59,260 - DEBUG - Received WebSocket message type: ['TransactionUpdate']
2025-08-05 18:57:59,871 - WARNING - [DATA SERVICE] Received timer_data with unknown data type: <class 'list'>
2025-08-05 18:58:00,510 - DEBUG - < TEXT '{"TransactionUpdate":{"status":{"Committed":{"t...ration_micros__":145}}}' [1146 bytes]
2025-08-05 18:58:00,511 - DEBUG - Received WebSocket message type: ['TransactionUpdate']
2025-08-05 18:58:00,810 - DEBUG - < TEXT '{"TransactionUpdate":{"status":{"Committed":{"t...ration_micros__":117}}}' [882 bytes]
2025-08-05 18:58:00,811 - DEBUG - Received WebSocket message type: ['TransactionUpdate']
2025-08-05 18:58:01,793 - INFO - Switched to tab: Claim Inventory
2025-08-05 18:58:02,063 - DEBUG - < TEXT '{"TransactionUpdate":{"status":{"Committed":{"t...ration_micros__":185}}}' [1146 bytes]
2025-08-05 18:58:02,063 - DEBUG - Received WebSocket message type: ['TransactionUpdate']
2025-08-05 18:58:02,326 - DEBUG - < TEXT '{"TransactionUpdate":{"status":{"Committed":{"t...uration_micros__":95}}}' [881 bytes]
2025-08-05 18:58:02,326 - DEBUG - Received WebSocket message type: ['TransactionUpdate']
2025-08-05 18:58:03,577 - DEBUG - < TEXT '{"TransactionUpdate":{"status":{"Committed":{"t...ration_micros__":157}}}' [1146 bytes]
2025-08-05 18:58:03,578 - DEBUG - Received WebSocket message type: ['TransactionUpdate']
2025-08-05 18:58:03,795 - DEBUG - < TEXT '{"TransactionUpdate":{"status":{"Committed":{"t...ration_micros__":130}}}' [882 bytes]
2025-08-05 18:58:03,795 - DEBUG - Received WebSocket message type: ['TransactionUpdate']
2025-08-05 18:58:04,979 - INFO - Switched to tab: Active Crafting
2025-08-05 18:58:05,063 - DEBUG - < TEXT '{"TransactionUpdate":{"status":{"Committed":{"t...ration_micros__":150}}}' [1147 bytes]
2025-08-05 18:58:05,063 - DEBUG - Received WebSocket message type: ['TransactionUpdate']
2025-08-05 18:58:05,303 - DEBUG - < TEXT '{"TransactionUpdate":{"status":{"Committed":{"t...ration_micros__":127}}}' [882 bytes]
2025-08-05 18:58:05,304 - DEBUG - Received WebSocket message type: ['TransactionUpdate']
2025-08-05 18:58:05,427 - INFO - Switched to tab: Passive Crafting
2025-08-05 18:58:06,284 - DEBUG - > PING 'O\x10;\x11' [text, 4 bytes]
2025-08-05 18:58:06,284 - DEBUG - % sent keepalive ping
2025-08-05 18:58:06,322 - DEBUG - < PONG 'O\x10;\x11' [text, 4 bytes]
2025-08-05 18:58:06,323 - DEBUG - % received keepalive pong
2025-08-05 18:58:06,555 - DEBUG - < TEXT '{"TransactionUpdate":{"status":{"Committed":{"t...ration_micros__":152}}}' [1148 bytes]
2025-08-05 18:58:06,555 - DEBUG - Received WebSocket message type: ['TransactionUpdate']
2025-08-05 18:58:06,767 - DEBUG - < TEXT '{"TransactionUpdate":{"status":{"Committed":{"t...ration_micros__":255}}}' [882 bytes]
2025-08-05 18:58:06,767 - DEBUG - Received WebSocket message type: ['TransactionUpdate']
2025-08-05 18:58:08,025 - DEBUG - < TEXT '{"TransactionUpdate":{"status":{"Committed":{"t...ration_micros__":130}}}' [1148 bytes]
2025-08-05 18:58:08,026 - DEBUG - Received WebSocket message type: ['TransactionUpdate']
2025-08-05 18:58:08,303 - DEBUG - < TEXT '{"TransactionUpdate":{"status":{"Committed":{"t...ration_micros__":150}}}' [882 bytes]
2025-08-05 18:58:08,303 - DEBUG - Received WebSocket message type: ['TransactionUpdate']
2025-08-05 18:58:09,473 - INFO - User selected claim: Inari (360287970205437165)
2025-08-05 18:58:09,481 - INFO - Initiating claim switch to: 360287970205437165
2025-08-05 18:58:09,489 - INFO - User data file updated: claims in C:\Users\Rob\Documents\Code\bitcraft_companion\app\player_data.json
2025-08-05 18:58:09,489 - INFO - Clearing processor caches for claim switch...
2025-08-05 18:58:09,489 - DEBUG - Clearing cache for InventoryProcessor
2025-08-05 18:58:09,490 - DEBUG - Cleared inventory processor cache
2025-08-05 18:58:09,490 - DEBUG - Clearing cache for CraftingProcessor
2025-08-05 18:58:09,490 - DEBUG - Cleared crafting processor cache
2025-08-05 18:58:09,490 - DEBUG - Clearing cache for TasksProcessor
2025-08-05 18:58:09,490 - DEBUG - Cleared tasks processor cache
2025-08-05 18:58:09,490 - DEBUG - Clearing cache for ClaimsProcessor
2025-08-05 18:58:09,490 - DEBUG - Cleared claims processor cache
2025-08-05 18:58:09,491 - DEBUG - Clearing cache for ActiveCraftingProcessor
2025-08-05 18:58:09,491 - DEBUG - Cleared active crafting processor cache
2025-08-05 18:58:09,497 - INFO - User data file updated: claims in C:\Users\Rob\Documents\Code\bitcraft_companion\app\player_data.json
2025-08-05 18:58:09,497 - INFO - Switched to claim: Inari
2025-08-05 18:58:09,575 - DEBUG - < TEXT '{"TransactionUpdate":{"status":{"Committed":{"t...ration_micros__":203}}}' [1148 bytes]
2025-08-05 18:58:09,597 - DEBUG - Received WebSocket message type: ['TransactionUpdate']
2025-08-05 18:58:09,716 - INFO - Loaded reference data for 9 tables
2025-08-05 18:58:09,719 - INFO - Stopping existing subscription thread...
2025-08-05 18:58:09,801 - DEBUG - < TEXT '{"TransactionUpdate":{"status":{"Committed":{"t...ration_micros__":147}}}' [882 bytes]
2025-08-05 18:58:09,801 - DEBUG - Received WebSocket message type: ['TransactionUpdate']
2025-08-05 18:58:09,803 - INFO - Subscription listener thread stopped.
2025-08-05 18:58:09,803 - DEBUG - > TEXT '{"Subscribe": {"request_id": 1, "query_strings"...0287970205437165\';"]}}' [2045 bytes]
2025-08-05 18:58:09,803 - INFO - Sent subscription request for 12 queries (replaces any existing subscriptions).
2025-08-05 18:58:09,804 - INFO - Subscription listener thread started.
2025-08-05 18:58:09,804 - INFO - Subscription listener thread started.
2025-08-05 18:58:09,804 - INFO - Started 12 subscriptions for claim 360287970205437165
2025-08-05 18:58:09,804 - INFO - Successfully switched to claim: Inari
2025-08-05 18:58:09,836 - INFO - Claim switching started: Inari
2025-08-05 18:58:09,856 - INFO - Claim switch completed: Inari
2025-08-05 18:58:09,861 - INFO - Claim switch completed successfully: Inari
2025-08-05 18:58:09,994 - DEBUG - < TEXT '{"InitialSubscription":{"database_update":{"tab...tion_micros__":22623}}}' [169391 bytes]
2025-08-05 18:58:09,996 - DEBUG - Received WebSocket message type: ['InitialSubscription']
2025-08-05 18:58:09,996 - INFO - Processing InitialSubscription with 12 table updates
2025-08-05 18:58:09,996 - INFO - Processing SubscriptionUpdate with 12 table updates
2025-08-05 18:58:10,818 - WARNING - [DATA SERVICE] Received timer_data with unknown data type: <class 'list'>
2025-08-05 18:58:11,091 - DEBUG - < TEXT '{"TransactionUpdate":{"status":{"Committed":{"t...ration_micros__":109}}}' [826 bytes]
2025-08-05 18:58:11,091 - DEBUG - Received WebSocket message type: ['TransactionUpdate']
2025-08-05 18:58:12,329 - INFO - User selected claim: Retirement Home T5 (360287970203715017)
2025-08-05 18:58:12,336 - INFO - Initiating claim switch to: 360287970203715017
2025-08-05 18:58:12,345 - INFO - User data file updated: claims in C:\Users\Rob\Documents\Code\bitcraft_companion\app\player_data.json
2025-08-05 18:58:12,345 - INFO - Clearing processor caches for claim switch...
2025-08-05 18:58:12,345 - DEBUG - Clearing cache for InventoryProcessor
2025-08-05 18:58:12,346 - DEBUG - Cleared inventory processor cache
2025-08-05 18:58:12,346 - DEBUG - Clearing cache for CraftingProcessor
2025-08-05 18:58:12,346 - DEBUG - Cleared crafting processor cache
2025-08-05 18:58:12,346 - DEBUG - Clearing cache for TasksProcessor
2025-08-05 18:58:12,346 - DEBUG - Cleared tasks processor cache
2025-08-05 18:58:12,346 - DEBUG - Clearing cache for ClaimsProcessor
2025-08-05 18:58:12,346 - DEBUG - Cleared claims processor cache
2025-08-05 18:58:12,346 - DEBUG - Clearing cache for ActiveCraftingProcessor
2025-08-05 18:58:12,346 - DEBUG - Cleared active crafting processor cache
2025-08-05 18:58:12,351 - INFO - User data file updated: claims in C:\Users\Rob\Documents\Code\bitcraft_companion\app\player_data.json
2025-08-05 18:58:12,351 - INFO - Switched to claim: Retirement Home T5
2025-08-05 18:58:12,564 - DEBUG - < TEXT '{"TransactionUpdate":{"status":{"Committed":{"t...ration_micros__":178}}}' [826 bytes]
2025-08-05 18:58:12,564 - DEBUG - Received WebSocket message type: ['TransactionUpdate']
2025-08-05 18:58:12,565 - INFO - Loaded reference data for 9 tables
2025-08-05 18:58:12,568 - INFO - Stopping existing subscription thread...
2025-08-05 18:58:13,571 - INFO - Subscription listener thread stopped.
2025-08-05 18:58:13,571 - DEBUG - > TEXT '{"Subscribe": {"request_id": 1, "query_strings"...0287970203715017\';"]}}' [2045 bytes]
2025-08-05 18:58:13,571 - INFO - Sent subscription request for 12 queries (replaces any existing subscriptions).
2025-08-05 18:58:13,571 - INFO - Subscription listener thread started.
2025-08-05 18:58:13,572 - INFO - Subscription listener thread started.
2025-08-05 18:58:13,572 - INFO - Started 12 subscriptions for claim 360287970203715017
2025-08-05 18:58:13,572 - INFO - Successfully switched to claim: Retirement Home T5
2025-08-05 18:58:13,602 - INFO - Claim switching started: Retirement Home T5
2025-08-05 18:58:13,621 - INFO - Claim switch completed: Retirement Home T5
2025-08-05 18:58:13,626 - INFO - Claim switch completed successfully: Retirement Home T5
2025-08-05 18:58:13,885 - DEBUG - < TEXT '{"InitialSubscription":{"database_update":{"tab...ation_micros__":3335}}}' [412507 bytes]
2025-08-05 18:58:13,889 - DEBUG - Received WebSocket message type: ['InitialSubscription']
2025-08-05 18:58:13,889 - INFO - Processing InitialSubscription with 12 table updates
2025-08-05 18:58:13,889 - INFO - Processing SubscriptionUpdate with 12 table updates
2025-08-05 18:58:14,010 - DEBUG - < TEXT '{"TransactionUpdate":{"status":{"Committed":{"t...ration_micros__":266}}}' [1148 bytes]
2025-08-05 18:58:14,010 - DEBUG - Received WebSocket message type: ['TransactionUpdate']
2025-08-05 18:58:14,101 - WARNING - [DATA SERVICE] Received timer_data with unknown data type: <class 'list'>
2025-08-05 18:58:14,179 - INFO - Switched to tab: Traveler's Tasks
2025-08-05 18:58:14,232 - DEBUG - < TEXT '{"TransactionUpdate":{"status":{"Committed":{"t...ration_micros__":180}}}' [882 bytes]
2025-08-05 18:58:14,232 - DEBUG - Received WebSocket message type: ['TransactionUpdate']
2025-08-05 18:58:15,479 - DEBUG - < TEXT '{"TransactionUpdate":{"status":{"Committed":{"t...ration_micros__":188}}}' [1148 bytes]
2025-08-05 18:58:15,479 - DEBUG - Received WebSocket message type: ['TransactionUpdate']
2025-08-05 18:58:15,733 - DEBUG - < TEXT '{"TransactionUpdate":{"status":{"Committed":{"t...ration_micros__":155}}}' [882 bytes]
2025-08-05 18:58:15,733 - DEBUG - Received WebSocket message type: ['TransactionUpdate']
2025-08-05 18:58:16,657 - INFO - User selected claim: Inari (360287970205437165)
2025-08-05 18:58:16,666 - INFO - Initiating claim switch to: 360287970205437165
2025-08-05 18:58:16,675 - INFO - User data file updated: claims in C:\Users\Rob\Documents\Code\bitcraft_companion\app\player_data.json
2025-08-05 18:58:16,675 - INFO - Clearing processor caches for claim switch...
2025-08-05 18:58:16,675 - DEBUG - Clearing cache for InventoryProcessor
2025-08-05 18:58:16,676 - DEBUG - Cleared inventory processor cache
2025-08-05 18:58:16,676 - DEBUG - Clearing cache for CraftingProcessor
2025-08-05 18:58:16,676 - DEBUG - Cleared crafting processor cache
2025-08-05 18:58:16,676 - DEBUG - Clearing cache for TasksProcessor
2025-08-05 18:58:16,676 - DEBUG - Cleared tasks processor cache
2025-08-05 18:58:16,676 - DEBUG - Clearing cache for ClaimsProcessor
2025-08-05 18:58:16,676 - DEBUG - Cleared claims processor cache
2025-08-05 18:58:16,676 - DEBUG - Clearing cache for ActiveCraftingProcessor
2025-08-05 18:58:16,676 - DEBUG - Cleared active crafting processor cache
2025-08-05 18:58:16,682 - INFO - User data file updated: claims in C:\Users\Rob\Documents\Code\bitcraft_companion\app\player_data.json
2025-08-05 18:58:16,682 - INFO - Switched to claim: Inari
2025-08-05 18:58:16,901 - INFO - Loaded reference data for 9 tables
2025-08-05 18:58:16,904 - INFO - Stopping existing subscription thread...
2025-08-05 18:58:16,973 - DEBUG - < TEXT '{"TransactionUpdate":{"status":{"Committed":{"t...ration_micros__":207}}}' [1148 bytes]
2025-08-05 18:58:16,974 - DEBUG - Received WebSocket message type: ['TransactionUpdate']
2025-08-05 18:58:16,975 - INFO - Subscription listener thread stopped.
2025-08-05 18:58:16,975 - DEBUG - > TEXT '{"Subscribe": {"request_id": 1, "query_strings"...0287970205437165\';"]}}' [2045 bytes]
2025-08-05 18:58:16,975 - INFO - Sent subscription request for 12 queries (replaces any existing subscriptions).
2025-08-05 18:58:16,976 - INFO - Subscription listener thread started.
2025-08-05 18:58:16,976 - INFO - Subscription listener thread started.
2025-08-05 18:58:16,976 - INFO - Started 12 subscriptions for claim 360287970205437165
2025-08-05 18:58:16,976 - INFO - Successfully switched to claim: Inari
2025-08-05 18:58:17,008 - INFO - Claim switching started: Inari
2025-08-05 18:58:17,026 - INFO - Claim switch completed: Inari
2025-08-05 18:58:17,031 - INFO - Claim switch completed successfully: Inari
2025-08-05 18:58:17,160 - DEBUG - < TEXT '{"InitialSubscription":{"database_update":{"tab...ation_micros__":1892}}}' [169390 bytes]
2025-08-05 18:58:17,162 - DEBUG - Received WebSocket message type: ['InitialSubscription']
2025-08-05 18:58:17,162 - INFO - Processing InitialSubscription with 12 table updates
2025-08-05 18:58:17,162 - INFO - Processing SubscriptionUpdate with 12 table updates
2025-08-05 18:58:17,306 - WARNING - [DATA SERVICE] Received timer_data with unknown data type: <class 'list'>
2025-08-05 18:58:18,436 - DEBUG - < TEXT '{"TransactionUpdate":{"status":{"Committed":{"t...ration_micros__":156}}}' [826 bytes]
2025-08-05 18:58:18,437 - DEBUG - Received WebSocket message type: ['TransactionUpdate']
2025-08-05 18:58:19,911 - DEBUG - < TEXT '{"TransactionUpdate":{"status":{"Committed":{"t...ration_micros__":195}}}' [826 bytes]
2025-08-05 18:58:19,911 - DEBUG - Received WebSocket message type: ['TransactionUpdate']
2025-08-05 18:58:21,377 - DEBUG - < TEXT '{"TransactionUpdate":{"status":{"Committed":{"t...ration_micros__":185}}}' [826 bytes]
2025-08-05 18:58:21,377 - DEBUG - Received WebSocket message type: ['TransactionUpdate']
2025-08-05 18:58:22,810 - DEBUG - < TEXT '{"TransactionUpdate":{"status":{"Committed":{"t...ration_micros__":207}}}' [826 bytes]
2025-08-05 18:58:22,810 - DEBUG - Received WebSocket message type: ['TransactionUpdate']
2025-08-05 18:58:24,264 - DEBUG - < TEXT '{"TransactionUpdate":{"status":{"Committed":{"t...ration_micros__":120}}}' [826 bytes]
2025-08-05 18:58:24,264 - DEBUG - Received WebSocket message type: ['TransactionUpdate']
2025-08-05 18:58:25,718 - DEBUG - < TEXT '{"TransactionUpdate":{"status":{"Committed":{"t...ration_micros__":270}}}' [825 bytes]
2025-08-05 18:58:25,719 - DEBUG - Received WebSocket message type: ['TransactionUpdate']
2025-08-05 18:58:26,308 - DEBUG - > PING d5 01 fd 78 [binary, 4 bytes]
2025-08-05 18:58:26,308 - DEBUG - % sent keepalive ping
2025-08-05 18:58:26,348 - DEBUG - < PONG d5 01 fd 78 [binary, 4 bytes]
2025-08-05 18:58:26,348 - DEBUG - % received keepalive pong
2025-08-05 18:58:26,665 - INFO - User selected claim: Retirement Home T5 (360287970203715017)
2025-08-05 18:58:26,673 - INFO - Initiating claim switch to: 360287970203715017
2025-08-05 18:58:26,681 - INFO - User data file updated: claims in C:\Users\Rob\Documents\Code\bitcraft_companion\app\player_data.json
2025-08-05 18:58:26,681 - INFO - Clearing processor caches for claim switch...
2025-08-05 18:58:26,681 - DEBUG - Clearing cache for InventoryProcessor
2025-08-05 18:58:26,681 - DEBUG - Cleared inventory processor cache
2025-08-05 18:58:26,682 - DEBUG - Clearing cache for CraftingProcessor
2025-08-05 18:58:26,682 - DEBUG - Cleared crafting processor cache
2025-08-05 18:58:26,682 - DEBUG - Clearing cache for TasksProcessor
2025-08-05 18:58:26,682 - DEBUG - Cleared tasks processor cache
2025-08-05 18:58:26,682 - DEBUG - Clearing cache for ClaimsProcessor
2025-08-05 18:58:26,682 - DEBUG - Cleared claims processor cache
2025-08-05 18:58:26,682 - DEBUG - Clearing cache for ActiveCraftingProcessor
2025-08-05 18:58:26,682 - DEBUG - Cleared active crafting processor cache
2025-08-05 18:58:26,689 - INFO - User data file updated: claims in C:\Users\Rob\Documents\Code\bitcraft_companion\app\player_data.json
2025-08-05 18:58:26,689 - INFO - Switched to claim: Retirement Home T5
2025-08-05 18:58:26,904 - INFO - Loaded reference data for 9 tables
2025-08-05 18:58:26,907 - INFO - Stopping existing subscription thread...
2025-08-05 18:58:27,218 - DEBUG - < TEXT '{"TransactionUpdate":{"status":{"Committed":{"t...ration_micros__":266}}}' [824 bytes]
2025-08-05 18:58:27,218 - DEBUG - Received WebSocket message type: ['TransactionUpdate']
2025-08-05 18:58:27,218 - INFO - Subscription listener thread stopped.
2025-08-05 18:58:27,218 - DEBUG - > TEXT '{"Subscribe": {"request_id": 1, "query_strings"...0287970203715017\';"]}}' [2045 bytes]
2025-08-05 18:58:27,219 - INFO - Sent subscription request for 12 queries (replaces any existing subscriptions).
2025-08-05 18:58:27,219 - INFO - Subscription listener thread started.
2025-08-05 18:58:27,219 - INFO - Subscription listener thread started.
2025-08-05 18:58:27,219 - INFO - Started 12 subscriptions for claim 360287970203715017
2025-08-05 18:58:27,220 - INFO - Successfully switched to claim: Retirement Home T5
2025-08-05 18:58:27,251 - INFO - Claim switching started: Retirement Home T5
2025-08-05 18:58:27,271 - INFO - Claim switch completed: Retirement Home T5
2025-08-05 18:58:27,276 - INFO - Claim switch completed successfully: Retirement Home T5
2025-08-05 18:58:27,493 - DEBUG - < TEXT '{"InitialSubscription":{"database_update":{"tab...ation_micros__":2775}}}' [412507 bytes]
2025-08-05 18:58:27,497 - DEBUG - Received WebSocket message type: ['InitialSubscription']
2025-08-05 18:58:27,497 - INFO - Processing InitialSubscription with 12 table updates
2025-08-05 18:58:27,497 - INFO - Processing SubscriptionUpdate with 12 table updates
2025-08-05 18:58:27,548 - DEBUG - < TEXT '{"TransactionUpdate":{"status":{"Committed":{"t...ration_micros__":105}}}' [882 bytes]
2025-08-05 18:58:27,549 - DEBUG - Received WebSocket message type: ['TransactionUpdate']
2025-08-05 18:58:28,098 - WARNING - [DATA SERVICE] Received timer_data with unknown data type: <class 'list'>
2025-08-05 18:58:28,714 - DEBUG - < TEXT '{"TransactionUpdate":{"status":{"Committed":{"t...ration_micros__":262}}}' [1146 bytes]
2025-08-05 18:58:28,714 - DEBUG - Received WebSocket message type: ['TransactionUpdate']
2025-08-05 18:58:28,950 - DEBUG - < TEXT '{"TransactionUpdate":{"status":{"Committed":{"t...ration_micros__":216}}}' [882 bytes]
2025-08-05 18:58:28,950 - DEBUG - Received WebSocket message type: ['TransactionUpdate']
2025-08-05 18:58:30,215 - INFO - [MainWindow] Closing application...
2025-08-05 18:58:30,217 - DEBUG - < TEXT '{"TransactionUpdate":{"status":{"Committed":{"t...ration_micros__":114}}}' [1147 bytes]
2025-08-05 18:58:30,218 - DEBUG - Received WebSocket message type: ['TransactionUpdate']
2025-08-05 18:58:30,299 - INFO - [MainWindow] Stopping data service...
2025-08-05 18:58:30,299 - INFO - Stopping DataService...
2025-08-05 18:58:30,299 - INFO - Stopping timer for CraftingProcessor...
2025-08-05 18:58:30,299 - INFO - Stopping real-time crafting countdown timer in processor...
2025-08-05 18:58:30,392 - INFO - Timer thread finished cleanly
2025-08-05 18:58:30,392 - INFO - Real-time timer shutdown complete
2025-08-05 18:58:30,392 - INFO - Saving claims cache...
2025-08-05 18:58:30,400 - INFO - User data file updated: claims in C:\Users\Rob\Documents\Code\bitcraft_companion\app\player_data.json
2025-08-05 18:58:30,400 - INFO - Closing WebSocket connection...
2025-08-05 18:58:30,400 - INFO - Closing WebSocket connection...
2025-08-05 18:58:30,400 - INFO - Waiting for subscription thread to finish...
2025-08-05 18:58:30,417 - DEBUG - < TEXT '{"TransactionUpdate":{"status":{"Committed":{"t...ration_micros__":134}}}' [882 bytes]
2025-08-05 18:58:30,417 - DEBUG - Received WebSocket message type: ['TransactionUpdate']
2025-08-05 18:58:30,419 - INFO - Subscription listener thread stopped.
2025-08-05 18:58:30,420 - DEBUG - > CLOSE 1000 (OK) [2 bytes]
2025-08-05 18:58:30,420 - DEBUG - = connection is CLOSING
2025-08-05 18:58:30,451 - DEBUG - < CLOSE 1000 (OK) [2 bytes]
2025-08-05 18:58:30,451 - DEBUG - < EOF
2025-08-05 18:58:30,451 - DEBUG - > EOF
2025-08-05 18:58:30,451 - DEBUG - = connection is CLOSED
2025-08-05 18:58:30,451 - INFO - WebSocket connection closed
2025-08-05 18:58:30,452 - INFO - Waiting for service thread to finish...
2025-08-05 18:58:31,144 - INFO - Closing WebSocket connection...
2025-08-05 18:58:31,144 - INFO - No WebSocket connection to close
2025-08-05 18:58:31,144 - INFO - [DataService] Thread stopped and connection closed.
2025-08-05 18:58:31,144 - INFO - Service thread finished cleanly
2025-08-05 18:58:31,144 - INFO - [MainWindow] Stopping task refresh timer...
2025-08-05 18:58:31,365 - INFO - [MainWindow] Finalizing application shutdown...
2025-08-05 18:58:31,381 - INFO - [MainWindow] Destroying window...
